2018-10-02 08:34:33.3464 - ERROR: Unhandled Web Api Exception.
EXCEPTION: System.InvalidOperationException: Mapping and metadata information could not be found for EntityType 'Core.Models.Product'.
   at System.Data.Entity.Core.Objects.ObjectContext.GetTypeUsage(Type entityCLRType)
   at System.Data.Entity.Core.Objects.ObjectContext.GetEntitySetFromContainer(EntityContainer container, Type entityCLRType, String exceptionParameterName)
   at System.Data.Entity.Core.Objects.ObjectContext.GetEntitySetForType(Type entityCLRType, String exceptionParameterName)
   at System.Data.Entity.Core.Objects.ObjectContext.CreateObjectSet[TEntity]()
   at SS.Data.EntityFramework.ReadOnlyEfWorkspace.QueryInternal[TEntity]()
   at SS.Data.EntityFramework.EfWorkspaceBase.Query[TEntity](Expression`1 predicate, Expression`1[] includes)
   at SS.Data.EntityFramework.WorkspaceExtensions.Query[TEntity](IWorkspaceBase workspace, Expression`1[] includes)
   at Core.Repository.ProductRepository.GetProduct(Int32 Id) in C:\Users\javivian\Documents\Visual Studio 2015\Projects\SS.Mvc.GiftShopApp\Core\Repository\ProductRepository.cs:line 33
   at SS.Mvc.GiftShopApp.Controllers.Api.ProductController.GetProduct(Int32 Id) in C:\Users\javivian\Documents\Visual Studio 2015\Projects\SS.Mvc.GiftShopApp\SS.Mvc.GiftShopApp\Controllers\Api\ProductController.cs:line 47
   at lambda_method(Closure , Object , Object[] )
   at System.Web.Http.Controllers.ReflectedHttpActionDescriptor.ActionExecutor.<>c__DisplayClass10.<GetExecutor>b__9(Object instance, Object[] methodParameters)
   at System.Web.Http.Controllers.ReflectedHttpActionDescriptor.ActionExecutor.Execute(Object instance, Object[] arguments)
   at System.Web.Http.Controllers.ReflectedHttpActionDescriptor.ExecuteAsync(HttpControllerContext controllerContext, IDictionary`2 arguments, CancellationToken cancellationToken)
--- End of stack trace from previous location where exception was thrown ---
   at System.Runtime.CompilerServices.TaskAwaiter.ThrowForNonSuccess(Task task)
   at System.Runtime.CompilerServices.TaskAwaiter.HandleNonSuccessAndDebuggerNotification(Task task)
   at System.Web.Http.Controllers.ApiControllerActionInvoker.<InvokeActionAsyncCore>d__0.MoveNext()
--- End of stack trace from previous location where exception was thrown ---
   at System.Runtime.CompilerServices.TaskAwaiter.ThrowForNonSuccess(Task task)
   at System.Runtime.CompilerServices.TaskAwaiter.HandleNonSuccessAndDebuggerNotification(Task task)
   at System.Web.Http.Controllers.ActionFilterResult.<ExecuteAsync>d__2.MoveNext()
--- End of stack trace from previous location where exception was thrown ---
   at System.Runtime.CompilerServices.TaskAwaiter.ThrowForNonSuccess(Task task)
   at System.Runtime.CompilerServices.TaskAwaiter.HandleNonSuccessAndDebuggerNotification(Task task)
   at System.Web.Http.Dispatcher.HttpControllerDispatcher.<SendAsync>d__1.MoveNext()    at System.Data.Entity.Core.Objects.ObjectContext.GetTypeUsage(Type entityCLRType)
   at System.Data.Entity.Core.Objects.ObjectContext.GetEntitySetFromContainer(EntityContainer container, Type entityCLRType, String exceptionParameterName)
   at System.Data.Entity.Core.Objects.ObjectContext.GetEntitySetForType(Type entityCLRType, String exceptionParameterName)
   at System.Data.Entity.Core.Objects.ObjectContext.CreateObjectSet[TEntity]()
   at SS.Data.EntityFramework.ReadOnlyEfWorkspace.QueryInternal[TEntity]()
   at SS.Data.EntityFramework.EfWorkspaceBase.Query[TEntity](Expression`1 predicate, Expression`1[] includes)
   at SS.Data.EntityFramework.WorkspaceExtensions.Query[TEntity](IWorkspaceBase workspace, Expression`1[] includes)
   at Core.Repository.ProductRepository.GetProduct(Int32 Id) in C:\Users\javivian\Documents\Visual Studio 2015\Projects\SS.Mvc.GiftShopApp\Core\Repository\ProductRepository.cs:line 33
   at SS.Mvc.GiftShopApp.Controllers.Api.ProductController.GetProduct(Int32 Id) in C:\Users\javivian\Documents\Visual Studio 2015\Projects\SS.Mvc.GiftShopApp\SS.Mvc.GiftShopApp\Controllers\Api\ProductController.cs:line 47
   at lambda_method(Closure , Object , Object[] )
   at System.Web.Http.Controllers.ReflectedHttpActionDescriptor.ActionExecutor.<>c__DisplayClass10.<GetExecutor>b__9(Object instance, Object[] methodParameters)
   at System.Web.Http.Controllers.ReflectedHttpActionDescriptor.ActionExecutor.Execute(Object instance, Object[] arguments)
   at System.Web.Http.Controllers.ReflectedHttpActionDescriptor.ExecuteAsync(HttpControllerContext controllerContext, IDictionary`2 arguments, CancellationToken cancellationToken)
--- End of stack trace from previous location where exception was thrown ---
   at System.Runtime.CompilerServices.TaskAwaiter.ThrowForNonSuccess(Task task)
   at System.Runtime.CompilerServices.TaskAwaiter.HandleNonSuccessAndDebuggerNotification(Task task)
   at System.Web.Http.Controllers.ApiControllerActionInvoker.<InvokeActionAsyncCore>d__0.MoveNext()
--- End of stack trace from previous location where exception was thrown ---
   at System.Runtime.CompilerServices.TaskAwaiter.ThrowForNonSuccess(Task task)
   at System.Runtime.CompilerServices.TaskAwaiter.HandleNonSuccessAndDebuggerNotification(Task task)
   at System.Web.Http.Controllers.ActionFilterResult.<ExecuteAsync>d__2.MoveNext()
--- End of stack trace from previous location where exception was thrown ---
   at System.Runtime.CompilerServices.TaskAwaiter.ThrowForNonSuccess(Task task)
   at System.Runtime.CompilerServices.TaskAwaiter.HandleNonSuccessAndDebuggerNotification(Task task)
   at System.Web.Http.Dispatcher.HttpControllerDispatcher.<SendAsync>d__1.MoveNext()

2018-10-02 08:34:33.4414 - ERROR: Unhandled Web Api Exception.
EXCEPTION: System.InvalidOperationException: Mapping and metadata information could not be found for EntityType 'Core.Models.Product'.
   at System.Data.Entity.Core.Objects.ObjectContext.GetTypeUsage(Type entityCLRType)
   at System.Data.Entity.Core.Objects.ObjectContext.GetEntitySetFromContainer(EntityContainer container, Type entityCLRType, String exceptionParameterName)
   at System.Data.Entity.Core.Objects.ObjectContext.GetEntitySetForType(Type entityCLRType, String exceptionParameterName)
   at System.Data.Entity.Core.Objects.ObjectContext.CreateObjectSet[TEntity]()
   at SS.Data.EntityFramework.ReadOnlyEfWorkspace.QueryInternal[TEntity]()
   at SS.Data.EntityFramework.EfWorkspaceBase.Query[TEntity](Expression`1 predicate, Expression`1[] includes)
   at SS.Data.EntityFramework.WorkspaceExtensions.Query[TEntity](IWorkspaceBase workspace, Expression`1[] includes)
   at Core.Repository.ProductRepository.GetProduct(Int32 Id) in C:\Users\javivian\Documents\Visual Studio 2015\Projects\SS.Mvc.GiftShopApp\Core\Repository\ProductRepository.cs:line 33
   at SS.Mvc.GiftShopApp.Controllers.Api.ProductController.GetProduct(Int32 Id) in C:\Users\javivian\Documents\Visual Studio 2015\Projects\SS.Mvc.GiftShopApp\SS.Mvc.GiftShopApp\Controllers\Api\ProductController.cs:line 47
   at lambda_method(Closure , Object , Object[] )
   at System.Web.Http.Controllers.ReflectedHttpActionDescriptor.ActionExecutor.<>c__DisplayClass10.<GetExecutor>b__9(Object instance, Object[] methodParameters)
   at System.Web.Http.Controllers.ReflectedHttpActionDescriptor.ActionExecutor.Execute(Object instance, Object[] arguments)
   at System.Web.Http.Controllers.ReflectedHttpActionDescriptor.ExecuteAsync(HttpControllerContext controllerContext, IDictionary`2 arguments, CancellationToken cancellationToken)
--- End of stack trace from previous location where exception was thrown ---
   at System.Runtime.CompilerServices.TaskAwaiter.ThrowForNonSuccess(Task task)
   at System.Runtime.CompilerServices.TaskAwaiter.HandleNonSuccessAndDebuggerNotification(Task task)
   at System.Web.Http.Controllers.ApiControllerActionInvoker.<InvokeActionAsyncCore>d__0.MoveNext()
--- End of stack trace from previous location where exception was thrown ---
   at System.Runtime.CompilerServices.TaskAwaiter.ThrowForNonSuccess(Task task)
   at System.Runtime.CompilerServices.TaskAwaiter.HandleNonSuccessAndDebuggerNotification(Task task)
   at System.Web.Http.Controllers.ActionFilterResult.<ExecuteAsync>d__2.MoveNext()
--- End of stack trace from previous location where exception was thrown ---
   at System.Runtime.CompilerServices.TaskAwaiter.ThrowForNonSuccess(Task task)
   at System.Runtime.CompilerServices.TaskAwaiter.HandleNonSuccessAndDebuggerNotification(Task task)
   at System.Web.Http.Dispatcher.HttpControllerDispatcher.<SendAsync>d__1.MoveNext()    at System.Data.Entity.Core.Objects.ObjectContext.GetTypeUsage(Type entityCLRType)
   at System.Data.Entity.Core.Objects.ObjectContext.GetEntitySetFromContainer(EntityContainer container, Type entityCLRType, String exceptionParameterName)
   at System.Data.Entity.Core.Objects.ObjectContext.GetEntitySetForType(Type entityCLRType, String exceptionParameterName)
   at System.Data.Entity.Core.Objects.ObjectContext.CreateObjectSet[TEntity]()
   at SS.Data.EntityFramework.ReadOnlyEfWorkspace.QueryInternal[TEntity]()
   at SS.Data.EntityFramework.EfWorkspaceBase.Query[TEntity](Expression`1 predicate, Expression`1[] includes)
   at SS.Data.EntityFramework.WorkspaceExtensions.Query[TEntity](IWorkspaceBase workspace, Expression`1[] includes)
   at Core.Repository.ProductRepository.GetProduct(Int32 Id) in C:\Users\javivian\Documents\Visual Studio 2015\Projects\SS.Mvc.GiftShopApp\Core\Repository\ProductRepository.cs:line 33
   at SS.Mvc.GiftShopApp.Controllers.Api.ProductController.GetProduct(Int32 Id) in C:\Users\javivian\Documents\Visual Studio 2015\Projects\SS.Mvc.GiftShopApp\SS.Mvc.GiftShopApp\Controllers\Api\ProductController.cs:line 47
   at lambda_method(Closure , Object , Object[] )
   at System.Web.Http.Controllers.ReflectedHttpActionDescriptor.ActionExecutor.<>c__DisplayClass10.<GetExecutor>b__9(Object instance, Object[] methodParameters)
   at System.Web.Http.Controllers.ReflectedHttpActionDescriptor.ActionExecutor.Execute(Object instance, Object[] arguments)
   at System.Web.Http.Controllers.ReflectedHttpActionDescriptor.ExecuteAsync(HttpControllerContext controllerContext, IDictionary`2 arguments, CancellationToken cancellationToken)
--- End of stack trace from previous location where exception was thrown ---
   at System.Runtime.CompilerServices.TaskAwaiter.ThrowForNonSuccess(Task task)
   at System.Runtime.CompilerServices.TaskAwaiter.HandleNonSuccessAndDebuggerNotification(Task task)
   at System.Web.Http.Controllers.ApiControllerActionInvoker.<InvokeActionAsyncCore>d__0.MoveNext()
--- End of stack trace from previous location where exception was thrown ---
   at System.Runtime.CompilerServices.TaskAwaiter.ThrowForNonSuccess(Task task)
   at System.Runtime.CompilerServices.TaskAwaiter.HandleNonSuccessAndDebuggerNotification(Task task)
   at System.Web.Http.Controllers.ActionFilterResult.<ExecuteAsync>d__2.MoveNext()
--- End of stack trace from previous location where exception was thrown ---
   at System.Runtime.CompilerServices.TaskAwaiter.ThrowForNonSuccess(Task task)
   at System.Runtime.CompilerServices.TaskAwaiter.HandleNonSuccessAndDebuggerNotification(Task task)
   at System.Web.Http.Dispatcher.HttpControllerDispatcher.<SendAsync>d__1.MoveNext()

2018-10-02 18:33:00.0367 - ERROR: Unhandled MVC exception.
EXCEPTION: System.Reflection.TargetInvocationException: Exception has been thrown by the target of an invocation. ---> System.InvalidOperationException: The ASP.NET Identity database could not be initialized. ---> System.AggregateException: One or more errors occurred. ---> System.InvalidOperationException: The model backing the 'ModelContext' context has changed since the database was created. Consider using Code First Migrations to update the database (http://go.microsoft.com/fwlink/?LinkId=238269).
   at System.Data.Entity.CreateDatabaseIfNotExists`1.InitializeDatabase(TContext context)
   at System.Data.Entity.Internal.InternalContext.<>c__DisplayClassf`1.<CreateInitializationAction>b__e()
   at System.Data.Entity.Internal.InternalContext.PerformInitializationAction(Action action)
   at System.Data.Entity.Internal.InternalContext.PerformDatabaseInitialization()
   at System.Data.Entity.Internal.LazyInternalContext.<InitializeDatabase>b__4(InternalContext c)
   at System.Data.Entity.Internal.RetryAction`1.PerformAction(TInput input)
   at System.Data.Entity.Internal.LazyInternalContext.InitializeDatabaseAction(Action`1 action)
   at System.Data.Entity.Internal.LazyInternalContext.InitializeDatabase()
   at System.Data.Entity.Internal.InternalContext.Initialize()
   at System.Data.Entity.Internal.InternalContext.GetEntitySetAndBaseTypeForType(Type entityType)
   at System.Data.Entity.Internal.Linq.InternalSet`1.Initialize()
   at System.Data.Entity.Internal.Linq.InternalSet`1.get_InternalContext()
   at System.Data.Entity.Infrastructure.DbQuery`1.System.Linq.IQueryable.get_Provider()
   at System.Linq.Queryable.Where[TSource](IQueryable`1 source, Expression`1 predicate)
   at SS.Data.EntityFramework.EfWorkspaceBase.Query[TEntity](Expression`1 predicate, Expression`1[] includes)
   at SS.Data.EntityFramework.WorkspaceExtensions.Single[TEntity](IWorkspaceBase workspace, Expression`1 predicate, Expression`1[] includes)
   at SS.Mvc.GiftShopApp.Security.RoleStore.FindByNameAsync(String roleName) in C:\Users\javivian\Documents\Visual Studio 2015\Projects\SS.Mvc.GiftShopApp\SS.Mvc.GiftShopApp\Security\RoleStore.cs:line 51
   at Microsoft.AspNet.Identity.RoleManager`2.<FindByNameAsync>d__18.MoveNext()
--- End of stack trace from previous location where exception was thrown ---
   at System.Runtime.CompilerServices.TaskAwaiter.ThrowForNonSuccess(Task task)
   at System.Runtime.CompilerServices.TaskAwaiter.HandleNonSuccessAndDebuggerNotification(Task task)
   at Microsoft.AspNet.Identity.TaskExtensions.CultureAwaiter`1.GetResult()
   at Microsoft.AspNet.Identity.RoleManager`2.<RoleExistsAsync>d__16.MoveNext()
   --- End of inner exception stack trace ---
   at System.Threading.Tasks.Task.ThrowIfExceptional(Boolean includeTaskCanceledExceptions)
   at System.Threading.Tasks.Task`1.GetResultCore(Boolean waitCompletionNotification)
   at System.Threading.Tasks.Task`1.get_Result()
   at SS.Mvc.GiftShopApp.Security.InitializeIdentityAttribute.IdentityInitializer..ctor() in C:\Users\javivian\Documents\Visual Studio 2015\Projects\SS.Mvc.GiftShopApp\SS.Mvc.GiftShopApp\Security\InitializeIdentityAttribute.cs:line 28
   --- End of inner exception stack trace ---
   at SS.Mvc.GiftShopApp.Security.InitializeIdentityAttribute.IdentityInitializer..ctor() in C:\Users\javivian\Documents\Visual Studio 2015\Projects\SS.Mvc.GiftShopApp\SS.Mvc.GiftShopApp\Security\InitializeIdentityAttribute.cs:line 47
   --- End of inner exception stack trace ---
   at System.RuntimeTypeHandle.CreateInstance(RuntimeType type, Boolean publicOnly, Boolean noCheck, Boolean& canBeCached, RuntimeMethodHandleInternal& ctor, Boolean& bNeedSecurityCheck)
   at System.RuntimeType.CreateInstanceSlow(Boolean publicOnly, Boolean skipCheckThis, Boolean fillCache, StackCrawlMark& stackMark)
   at System.RuntimeType.CreateInstanceDefaultCtor(Boolean publicOnly, Boolean skipCheckThis, Boolean fillCache, StackCrawlMark& stackMark)
   at System.Activator.CreateInstance(Type type, Boolean nonPublic)
   at System.Activator.CreateInstance(Type type)
   at System.Threading.LazyHelpers`1.ActivatorFactorySelector()
   at System.Threading.LazyInitializer.EnsureInitializedCore[T](T& target, Boolean& initialized, Object& syncLock, Func`1 valueFactory)
   at System.Threading.LazyInitializer.EnsureInitialized[T](T& target, Boolean& initialized, Object& syncLock)
   at SS.Mvc.GiftShopApp.Security.InitializeIdentityAttribute.OnActionExecuting(ActionExecutingContext filterContext) in C:\Users\javivian\Documents\Visual Studio 2015\Projects\SS.Mvc.GiftShopApp\SS.Mvc.GiftShopApp\Security\InitializeIdentityAttribute.cs:line 18
   at System.Web.Mvc.Async.AsyncControllerActionInvoker.AsyncInvocationWithFilters.InvokeActionMethodFilterAsynchronouslyRecursive(Int32 filterIndex)
   at System.Web.Mvc.Async.AsyncControllerActionInvoker.AsyncInvocationWithFilters.InvokeActionMethodFilterAsynchronouslyRecursive(Int32 filterIndex)
   at System.Web.Mvc.Async.AsyncControllerActionInvoker.<>c__DisplayClass33.<BeginInvokeActionMethodWithFilters>b__31(AsyncCallback asyncCallback, Object asyncState)
   at System.Web.Mvc.Async.AsyncResultWrapper.WrappedAsyncResult`1.CallBeginDelegate(AsyncCallback callback, Object callbackState)
   at System.Web.Mvc.Async.AsyncResultWrapper.WrappedAsyncResultBase`1.Begin(AsyncCallback callback, Object state, Int32 timeout)
   at System.Web.Mvc.Async.AsyncControllerActionInvoker.BeginInvokeActionMethodWithFilters(ControllerContext controllerContext, IList`1 filters, ActionDescriptor actionDescriptor, IDictionary`2 parameters, AsyncCallback callback, Object state)
   at System.Web.Mvc.Async.AsyncControllerActionInvoker.<>c__DisplayClass21.<BeginInvokeAction>b__19(AsyncCallback asyncCallback, Object asyncState)    at System.RuntimeTypeHandle.CreateInstance(RuntimeType type, Boolean publicOnly, Boolean noCheck, Boolean& canBeCached, RuntimeMethodHandleInternal& ctor, Boolean& bNeedSecurityCheck)
   at System.RuntimeType.CreateInstanceSlow(Boolean publicOnly, Boolean skipCheckThis, Boolean fillCache, StackCrawlMark& stackMark)
   at System.RuntimeType.CreateInstanceDefaultCtor(Boolean publicOnly, Boolean skipCheckThis, Boolean fillCache, StackCrawlMark& stackMark)
   at System.Activator.CreateInstance(Type type, Boolean nonPublic)
   at System.Activator.CreateInstance(Type type)
   at System.Threading.LazyHelpers`1.ActivatorFactorySelector()
   at System.Threading.LazyInitializer.EnsureInitializedCore[T](T& target, Boolean& initialized, Object& syncLock, Func`1 valueFactory)
   at System.Threading.LazyInitializer.EnsureInitialized[T](T& target, Boolean& initialized, Object& syncLock)
   at SS.Mvc.GiftShopApp.Security.InitializeIdentityAttribute.OnActionExecuting(ActionExecutingContext filterContext) in C:\Users\javivian\Documents\Visual Studio 2015\Projects\SS.Mvc.GiftShopApp\SS.Mvc.GiftShopApp\Security\InitializeIdentityAttribute.cs:line 18
   at System.Web.Mvc.Async.AsyncControllerActionInvoker.AsyncInvocationWithFilters.InvokeActionMethodFilterAsynchronouslyRecursive(Int32 filterIndex)
   at System.Web.Mvc.Async.AsyncControllerActionInvoker.AsyncInvocationWithFilters.InvokeActionMethodFilterAsynchronouslyRecursive(Int32 filterIndex)
   at System.Web.Mvc.Async.AsyncControllerActionInvoker.<>c__DisplayClass33.<BeginInvokeActionMethodWithFilters>b__31(AsyncCallback asyncCallback, Object asyncState)
   at System.Web.Mvc.Async.AsyncResultWrapper.WrappedAsyncResult`1.CallBeginDelegate(AsyncCallback callback, Object callbackState)
   at System.Web.Mvc.Async.AsyncResultWrapper.WrappedAsyncResultBase`1.Begin(AsyncCallback callback, Object state, Int32 timeout)
   at System.Web.Mvc.Async.AsyncControllerActionInvoker.BeginInvokeActionMethodWithFilters(ControllerContext controllerContext, IList`1 filters, ActionDescriptor actionDescriptor, IDictionary`2 parameters, AsyncCallback callback, Object state)
   at System.Web.Mvc.Async.AsyncControllerActionInvoker.<>c__DisplayClass21.<BeginInvokeAction>b__19(AsyncCallback asyncCallback, Object asyncState)
System.InvalidOperationException: The ASP.NET Identity database could not be initialized. ---> System.AggregateException: One or more errors occurred. ---> System.InvalidOperationException: The model backing the 'ModelContext' context has changed since the database was created. Consider using Code First Migrations to update the database (http://go.microsoft.com/fwlink/?LinkId=238269).
   at System.Data.Entity.CreateDatabaseIfNotExists`1.InitializeDatabase(TContext context)
   at System.Data.Entity.Internal.InternalContext.<>c__DisplayClassf`1.<CreateInitializationAction>b__e()
   at System.Data.Entity.Internal.InternalContext.PerformInitializationAction(Action action)
   at System.Data.Entity.Internal.InternalContext.PerformDatabaseInitialization()
   at System.Data.Entity.Internal.LazyInternalContext.<InitializeDatabase>b__4(InternalContext c)
   at System.Data.Entity.Internal.RetryAction`1.PerformAction(TInput input)
   at System.Data.Entity.Internal.LazyInternalContext.InitializeDatabaseAction(Action`1 action)
   at System.Data.Entity.Internal.LazyInternalContext.InitializeDatabase()
   at System.Data.Entity.Internal.InternalContext.Initialize()
   at System.Data.Entity.Internal.InternalContext.GetEntitySetAndBaseTypeForType(Type entityType)
   at System.Data.Entity.Internal.Linq.InternalSet`1.Initialize()
   at System.Data.Entity.Internal.Linq.InternalSet`1.get_InternalContext()
   at System.Data.Entity.Infrastructure.DbQuery`1.System.Linq.IQueryable.get_Provider()
   at System.Linq.Queryable.Where[TSource](IQueryable`1 source, Expression`1 predicate)
   at SS.Data.EntityFramework.EfWorkspaceBase.Query[TEntity](Expression`1 predicate, Expression`1[] includes)
   at SS.Data.EntityFramework.WorkspaceExtensions.Single[TEntity](IWorkspaceBase workspace, Expression`1 predicate, Expression`1[] includes)
   at SS.Mvc.GiftShopApp.Security.RoleStore.FindByNameAsync(String roleName) in C:\Users\javivian\Documents\Visual Studio 2015\Projects\SS.Mvc.GiftShopApp\SS.Mvc.GiftShopApp\Security\RoleStore.cs:line 51
   at Microsoft.AspNet.Identity.RoleManager`2.<FindByNameAsync>d__18.MoveNext()
--- End of stack trace from previous location where exception was thrown ---
   at System.Runtime.CompilerServices.TaskAwaiter.ThrowForNonSuccess(Task task)
   at System.Runtime.CompilerServices.TaskAwaiter.HandleNonSuccessAndDebuggerNotification(Task task)
   at Microsoft.AspNet.Identity.TaskExtensions.CultureAwaiter`1.GetResult()
   at Microsoft.AspNet.Identity.RoleManager`2.<RoleExistsAsync>d__16.MoveNext()
   --- End of inner exception stack trace ---
   at System.Threading.Tasks.Task.ThrowIfExceptional(Boolean includeTaskCanceledExceptions)
   at System.Threading.Tasks.Task`1.GetResultCore(Boolean waitCompletionNotification)
   at System.Threading.Tasks.Task`1.get_Result()
   at SS.Mvc.GiftShopApp.Security.InitializeIdentityAttribute.IdentityInitializer..ctor() in C:\Users\javivian\Documents\Visual Studio 2015\Projects\SS.Mvc.GiftShopApp\SS.Mvc.GiftShopApp\Security\InitializeIdentityAttribute.cs:line 28
   --- End of inner exception stack trace ---
   at SS.Mvc.GiftShopApp.Security.InitializeIdentityAttribute.IdentityInitializer..ctor() in C:\Users\javivian\Documents\Visual Studio 2015\Projects\SS.Mvc.GiftShopApp\SS.Mvc.GiftShopApp\Security\InitializeIdentityAttribute.cs:line 47    at SS.Mvc.GiftShopApp.Security.InitializeIdentityAttribute.IdentityInitializer..ctor() in C:\Users\javivian\Documents\Visual Studio 2015\Projects\SS.Mvc.GiftShopApp\SS.Mvc.GiftShopApp\Security\InitializeIdentityAttribute.cs:line 47
System.AggregateException: One or more errors occurred. ---> System.InvalidOperationException: The model backing the 'ModelContext' context has changed since the database was created. Consider using Code First Migrations to update the database (http://go.microsoft.com/fwlink/?LinkId=238269).
   at System.Data.Entity.CreateDatabaseIfNotExists`1.InitializeDatabase(TContext context)
   at System.Data.Entity.Internal.InternalContext.<>c__DisplayClassf`1.<CreateInitializationAction>b__e()
   at System.Data.Entity.Internal.InternalContext.PerformInitializationAction(Action action)
   at System.Data.Entity.Internal.InternalContext.PerformDatabaseInitialization()
   at System.Data.Entity.Internal.LazyInternalContext.<InitializeDatabase>b__4(InternalContext c)
   at System.Data.Entity.Internal.RetryAction`1.PerformAction(TInput input)
   at System.Data.Entity.Internal.LazyInternalContext.InitializeDatabaseAction(Action`1 action)
   at System.Data.Entity.Internal.LazyInternalContext.InitializeDatabase()
   at System.Data.Entity.Internal.InternalContext.Initialize()
   at System.Data.Entity.Internal.InternalContext.GetEntitySetAndBaseTypeForType(Type entityType)
   at System.Data.Entity.Internal.Linq.InternalSet`1.Initialize()
   at System.Data.Entity.Internal.Linq.InternalSet`1.get_InternalContext()
   at System.Data.Entity.Infrastructure.DbQuery`1.System.Linq.IQueryable.get_Provider()
   at System.Linq.Queryable.Where[TSource](IQueryable`1 source, Expression`1 predicate)
   at SS.Data.EntityFramework.EfWorkspaceBase.Query[TEntity](Expression`1 predicate, Expression`1[] includes)
   at SS.Data.EntityFramework.WorkspaceExtensions.Single[TEntity](IWorkspaceBase workspace, Expression`1 predicate, Expression`1[] includes)
   at SS.Mvc.GiftShopApp.Security.RoleStore.FindByNameAsync(String roleName) in C:\Users\javivian\Documents\Visual Studio 2015\Projects\SS.Mvc.GiftShopApp\SS.Mvc.GiftShopApp\Security\RoleStore.cs:line 51
   at Microsoft.AspNet.Identity.RoleManager`2.<FindByNameAsync>d__18.MoveNext()
--- End of stack trace from previous location where exception was thrown ---
   at System.Runtime.CompilerServices.TaskAwaiter.ThrowForNonSuccess(Task task)
   at System.Runtime.CompilerServices.TaskAwaiter.HandleNonSuccessAndDebuggerNotification(Task task)
   at Microsoft.AspNet.Identity.TaskExtensions.CultureAwaiter`1.GetResult()
   at Microsoft.AspNet.Identity.RoleManager`2.<RoleExistsAsync>d__16.MoveNext()
   --- End of inner exception stack trace ---
   at System.Threading.Tasks.Task.ThrowIfExceptional(Boolean includeTaskCanceledExceptions)
   at System.Threading.Tasks.Task`1.GetResultCore(Boolean waitCompletionNotification)
   at System.Threading.Tasks.Task`1.get_Result()
   at SS.Mvc.GiftShopApp.Security.InitializeIdentityAttribute.IdentityInitializer..ctor() in C:\Users\javivian\Documents\Visual Studio 2015\Projects\SS.Mvc.GiftShopApp\SS.Mvc.GiftShopApp\Security\InitializeIdentityAttribute.cs:line 28
---> (Inner Exception #0) System.InvalidOperationException: The model backing the 'ModelContext' context has changed since the database was created. Consider using Code First Migrations to update the database (http://go.microsoft.com/fwlink/?LinkId=238269).
   at System.Data.Entity.CreateDatabaseIfNotExists`1.InitializeDatabase(TContext context)
   at System.Data.Entity.Internal.InternalContext.<>c__DisplayClassf`1.<CreateInitializationAction>b__e()
   at System.Data.Entity.Internal.InternalContext.PerformInitializationAction(Action action)
   at System.Data.Entity.Internal.InternalContext.PerformDatabaseInitialization()
   at System.Data.Entity.Internal.LazyInternalContext.<InitializeDatabase>b__4(InternalContext c)
   at System.Data.Entity.Internal.RetryAction`1.PerformAction(TInput input)
   at System.Data.Entity.Internal.LazyInternalContext.InitializeDatabaseAction(Action`1 action)
   at System.Data.Entity.Internal.LazyInternalContext.InitializeDatabase()
   at System.Data.Entity.Internal.InternalContext.Initialize()
   at System.Data.Entity.Internal.InternalContext.GetEntitySetAndBaseTypeForType(Type entityType)
   at System.Data.Entity.Internal.Linq.InternalSet`1.Initialize()
   at System.Data.Entity.Internal.Linq.InternalSet`1.get_InternalContext()
   at System.Data.Entity.Infrastructure.DbQuery`1.System.Linq.IQueryable.get_Provider()
   at System.Linq.Queryable.Where[TSource](IQueryable`1 source, Expression`1 predicate)
   at SS.Data.EntityFramework.EfWorkspaceBase.Query[TEntity](Expression`1 predicate, Expression`1[] includes)
   at SS.Data.EntityFramework.WorkspaceExtensions.Single[TEntity](IWorkspaceBase workspace, Expression`1 predicate, Expression`1[] includes)
   at SS.Mvc.GiftShopApp.Security.RoleStore.FindByNameAsync(String roleName) in C:\Users\javivian\Documents\Visual Studio 2015\Projects\SS.Mvc.GiftShopApp\SS.Mvc.GiftShopApp\Security\RoleStore.cs:line 51
   at Microsoft.AspNet.Identity.RoleManager`2.<FindByNameAsync>d__18.MoveNext()
--- End of stack trace from previous location where exception was thrown ---
   at System.Runtime.CompilerServices.TaskAwaiter.ThrowForNonSuccess(Task task)
   at System.Runtime.CompilerServices.TaskAwaiter.HandleNonSuccessAndDebuggerNotification(Task task)
   at Microsoft.AspNet.Identity.TaskExtensions.CultureAwaiter`1.GetResult()
   at Microsoft.AspNet.Identity.RoleManager`2.<RoleExistsAsync>d__16.MoveNext()<---
    at System.Threading.Tasks.Task.ThrowIfExceptional(Boolean includeTaskCanceledExceptions)
   at System.Threading.Tasks.Task`1.GetResultCore(Boolean waitCompletionNotification)
   at System.Threading.Tasks.Task`1.get_Result()
   at SS.Mvc.GiftShopApp.Security.InitializeIdentityAttribute.IdentityInitializer..ctor() in C:\Users\javivian\Documents\Visual Studio 2015\Projects\SS.Mvc.GiftShopApp\SS.Mvc.GiftShopApp\Security\InitializeIdentityAttribute.cs:line 28
System.InvalidOperationException: The model backing the 'ModelContext' context has changed since the database was created. Consider using Code First Migrations to update the database (http://go.microsoft.com/fwlink/?LinkId=238269).
   at System.Data.Entity.CreateDatabaseIfNotExists`1.InitializeDatabase(TContext context)
   at System.Data.Entity.Internal.InternalContext.<>c__DisplayClassf`1.<CreateInitializationAction>b__e()
   at System.Data.Entity.Internal.InternalContext.PerformInitializationAction(Action action)
   at System.Data.Entity.Internal.InternalContext.PerformDatabaseInitialization()
   at System.Data.Entity.Internal.LazyInternalContext.<InitializeDatabase>b__4(InternalContext c)
   at System.Data.Entity.Internal.RetryAction`1.PerformAction(TInput input)
   at System.Data.Entity.Internal.LazyInternalContext.InitializeDatabaseAction(Action`1 action)
   at System.Data.Entity.Internal.LazyInternalContext.InitializeDatabase()
   at System.Data.Entity.Internal.InternalContext.Initialize()
   at System.Data.Entity.Internal.InternalContext.GetEntitySetAndBaseTypeForType(Type entityType)
   at System.Data.Entity.Internal.Linq.InternalSet`1.Initialize()
   at System.Data.Entity.Internal.Linq.InternalSet`1.get_InternalContext()
   at System.Data.Entity.Infrastructure.DbQuery`1.System.Linq.IQueryable.get_Provider()
   at System.Linq.Queryable.Where[TSource](IQueryable`1 source, Expression`1 predicate)
   at SS.Data.EntityFramework.EfWorkspaceBase.Query[TEntity](Expression`1 predicate, Expression`1[] includes)
   at SS.Data.EntityFramework.WorkspaceExtensions.Single[TEntity](IWorkspaceBase workspace, Expression`1 predicate, Expression`1[] includes)
   at SS.Mvc.GiftShopApp.Security.RoleStore.FindByNameAsync(String roleName) in C:\Users\javivian\Documents\Visual Studio 2015\Projects\SS.Mvc.GiftShopApp\SS.Mvc.GiftShopApp\Security\RoleStore.cs:line 51
   at Microsoft.AspNet.Identity.RoleManager`2.<FindByNameAsync>d__18.MoveNext()
--- End of stack trace from previous location where exception was thrown ---
   at System.Runtime.CompilerServices.TaskAwaiter.ThrowForNonSuccess(Task task)
   at System.Runtime.CompilerServices.TaskAwaiter.HandleNonSuccessAndDebuggerNotification(Task task)
   at Microsoft.AspNet.Identity.TaskExtensions.CultureAwaiter`1.GetResult()
   at Microsoft.AspNet.Identity.RoleManager`2.<RoleExistsAsync>d__16.MoveNext()    at System.Data.Entity.CreateDatabaseIfNotExists`1.InitializeDatabase(TContext context)
   at System.Data.Entity.Internal.InternalContext.<>c__DisplayClassf`1.<CreateInitializationAction>b__e()
   at System.Data.Entity.Internal.InternalContext.PerformInitializationAction(Action action)
   at System.Data.Entity.Internal.InternalContext.PerformDatabaseInitialization()
   at System.Data.Entity.Internal.LazyInternalContext.<InitializeDatabase>b__4(InternalContext c)
   at System.Data.Entity.Internal.RetryAction`1.PerformAction(TInput input)
   at System.Data.Entity.Internal.LazyInternalContext.InitializeDatabaseAction(Action`1 action)
   at System.Data.Entity.Internal.LazyInternalContext.InitializeDatabase()
   at System.Data.Entity.Internal.InternalContext.Initialize()
   at System.Data.Entity.Internal.InternalContext.GetEntitySetAndBaseTypeForType(Type entityType)
   at System.Data.Entity.Internal.Linq.InternalSet`1.Initialize()
   at System.Data.Entity.Internal.Linq.InternalSet`1.get_InternalContext()
   at System.Data.Entity.Infrastructure.DbQuery`1.System.Linq.IQueryable.get_Provider()
   at System.Linq.Queryable.Where[TSource](IQueryable`1 source, Expression`1 predicate)
   at SS.Data.EntityFramework.EfWorkspaceBase.Query[TEntity](Expression`1 predicate, Expression`1[] includes)
   at SS.Data.EntityFramework.WorkspaceExtensions.Single[TEntity](IWorkspaceBase workspace, Expression`1 predicate, Expression`1[] includes)
   at SS.Mvc.GiftShopApp.Security.RoleStore.FindByNameAsync(String roleName) in C:\Users\javivian\Documents\Visual Studio 2015\Projects\SS.Mvc.GiftShopApp\SS.Mvc.GiftShopApp\Security\RoleStore.cs:line 51
   at Microsoft.AspNet.Identity.RoleManager`2.<FindByNameAsync>d__18.MoveNext()
--- End of stack trace from previous location where exception was thrown ---
   at System.Runtime.CompilerServices.TaskAwaiter.ThrowForNonSuccess(Task task)
   at System.Runtime.CompilerServices.TaskAwaiter.HandleNonSuccessAndDebuggerNotification(Task task)
   at Microsoft.AspNet.Identity.TaskExtensions.CultureAwaiter`1.GetResult()
   at Microsoft.AspNet.Identity.RoleManager`2.<RoleExistsAsync>d__16.MoveNext()

2018-10-02 18:35:10.5337 - ERROR: Unhandled MVC exception.
EXCEPTION: System.Reflection.TargetInvocationException: Exception has been thrown by the target of an invocation. ---> System.InvalidOperationException: The ASP.NET Identity database could not be initialized. ---> System.AggregateException: One or more errors occurred. ---> System.InvalidOperationException: The model backing the 'ModelContext' context has changed since the database was created. Consider using Code First Migrations to update the database (http://go.microsoft.com/fwlink/?LinkId=238269).
   at System.Data.Entity.CreateDatabaseIfNotExists`1.InitializeDatabase(TContext context)
   at System.Data.Entity.Internal.InternalContext.<>c__DisplayClassf`1.<CreateInitializationAction>b__e()
   at System.Data.Entity.Internal.InternalContext.PerformInitializationAction(Action action)
   at System.Data.Entity.Internal.InternalContext.PerformDatabaseInitialization()
   at System.Data.Entity.Internal.LazyInternalContext.<InitializeDatabase>b__4(InternalContext c)
   at System.Data.Entity.Internal.RetryAction`1.PerformAction(TInput input)
   at System.Data.Entity.Internal.LazyInternalContext.InitializeDatabaseAction(Action`1 action)
   at System.Data.Entity.Internal.LazyInternalContext.InitializeDatabase()
   at System.Data.Entity.Internal.InternalContext.Initialize()
   at System.Data.Entity.Internal.InternalContext.GetEntitySetAndBaseTypeForType(Type entityType)
   at System.Data.Entity.Internal.Linq.InternalSet`1.Initialize()
   at System.Data.Entity.Internal.Linq.InternalSet`1.get_InternalContext()
   at System.Data.Entity.Infrastructure.DbQuery`1.System.Linq.IQueryable.get_Provider()
   at System.Linq.Queryable.Where[TSource](IQueryable`1 source, Expression`1 predicate)
   at SS.Data.EntityFramework.EfWorkspaceBase.Query[TEntity](Expression`1 predicate, Expression`1[] includes)
   at SS.Data.EntityFramework.WorkspaceExtensions.Single[TEntity](IWorkspaceBase workspace, Expression`1 predicate, Expression`1[] includes)
   at SS.Mvc.GiftShopApp.Security.RoleStore.FindByNameAsync(String roleName) in C:\Users\javivian\Documents\Visual Studio 2015\Projects\SS.Mvc.GiftShopApp\SS.Mvc.GiftShopApp\Security\RoleStore.cs:line 51
   at Microsoft.AspNet.Identity.RoleManager`2.<FindByNameAsync>d__18.MoveNext()
--- End of stack trace from previous location where exception was thrown ---
   at System.Runtime.CompilerServices.TaskAwaiter.ThrowForNonSuccess(Task task)
   at System.Runtime.CompilerServices.TaskAwaiter.HandleNonSuccessAndDebuggerNotification(Task task)
   at Microsoft.AspNet.Identity.TaskExtensions.CultureAwaiter`1.GetResult()
   at Microsoft.AspNet.Identity.RoleManager`2.<RoleExistsAsync>d__16.MoveNext()
   --- End of inner exception stack trace ---
   at System.Threading.Tasks.Task.ThrowIfExceptional(Boolean includeTaskCanceledExceptions)
   at System.Threading.Tasks.Task`1.GetResultCore(Boolean waitCompletionNotification)
   at System.Threading.Tasks.Task`1.get_Result()
   at SS.Mvc.GiftShopApp.Security.InitializeIdentityAttribute.IdentityInitializer..ctor() in C:\Users\javivian\Documents\Visual Studio 2015\Projects\SS.Mvc.GiftShopApp\SS.Mvc.GiftShopApp\Security\InitializeIdentityAttribute.cs:line 28
   --- End of inner exception stack trace ---
   at SS.Mvc.GiftShopApp.Security.InitializeIdentityAttribute.IdentityInitializer..ctor() in C:\Users\javivian\Documents\Visual Studio 2015\Projects\SS.Mvc.GiftShopApp\SS.Mvc.GiftShopApp\Security\InitializeIdentityAttribute.cs:line 47
   --- End of inner exception stack trace ---
   at System.RuntimeTypeHandle.CreateInstance(RuntimeType type, Boolean publicOnly, Boolean noCheck, Boolean& canBeCached, RuntimeMethodHandleInternal& ctor, Boolean& bNeedSecurityCheck)
   at System.RuntimeType.CreateInstanceSlow(Boolean publicOnly, Boolean skipCheckThis, Boolean fillCache, StackCrawlMark& stackMark)
   at System.RuntimeType.CreateInstanceDefaultCtor(Boolean publicOnly, Boolean skipCheckThis, Boolean fillCache, StackCrawlMark& stackMark)
   at System.Activator.CreateInstance(Type type, Boolean nonPublic)
   at System.Activator.CreateInstance(Type type)
   at System.Threading.LazyHelpers`1.ActivatorFactorySelector()
   at System.Threading.LazyInitializer.EnsureInitializedCore[T](T& target, Boolean& initialized, Object& syncLock, Func`1 valueFactory)
   at System.Threading.LazyInitializer.EnsureInitialized[T](T& target, Boolean& initialized, Object& syncLock)
   at SS.Mvc.GiftShopApp.Security.InitializeIdentityAttribute.OnActionExecuting(ActionExecutingContext filterContext) in C:\Users\javivian\Documents\Visual Studio 2015\Projects\SS.Mvc.GiftShopApp\SS.Mvc.GiftShopApp\Security\InitializeIdentityAttribute.cs:line 18
   at System.Web.Mvc.Async.AsyncControllerActionInvoker.AsyncInvocationWithFilters.InvokeActionMethodFilterAsynchronouslyRecursive(Int32 filterIndex)
   at System.Web.Mvc.Async.AsyncControllerActionInvoker.AsyncInvocationWithFilters.InvokeActionMethodFilterAsynchronouslyRecursive(Int32 filterIndex)
   at System.Web.Mvc.Async.AsyncControllerActionInvoker.<>c__DisplayClass33.<BeginInvokeActionMethodWithFilters>b__31(AsyncCallback asyncCallback, Object asyncState)
   at System.Web.Mvc.Async.AsyncResultWrapper.WrappedAsyncResult`1.CallBeginDelegate(AsyncCallback callback, Object callbackState)
   at System.Web.Mvc.Async.AsyncResultWrapper.WrappedAsyncResultBase`1.Begin(AsyncCallback callback, Object state, Int32 timeout)
   at System.Web.Mvc.Async.AsyncControllerActionInvoker.BeginInvokeActionMethodWithFilters(ControllerContext controllerContext, IList`1 filters, ActionDescriptor actionDescriptor, IDictionary`2 parameters, AsyncCallback callback, Object state)
   at System.Web.Mvc.Async.AsyncControllerActionInvoker.<>c__DisplayClass21.<BeginInvokeAction>b__19(AsyncCallback asyncCallback, Object asyncState)    at System.RuntimeTypeHandle.CreateInstance(RuntimeType type, Boolean publicOnly, Boolean noCheck, Boolean& canBeCached, RuntimeMethodHandleInternal& ctor, Boolean& bNeedSecurityCheck)
   at System.RuntimeType.CreateInstanceSlow(Boolean publicOnly, Boolean skipCheckThis, Boolean fillCache, StackCrawlMark& stackMark)
   at System.RuntimeType.CreateInstanceDefaultCtor(Boolean publicOnly, Boolean skipCheckThis, Boolean fillCache, StackCrawlMark& stackMark)
   at System.Activator.CreateInstance(Type type, Boolean nonPublic)
   at System.Activator.CreateInstance(Type type)
   at System.Threading.LazyHelpers`1.ActivatorFactorySelector()
   at System.Threading.LazyInitializer.EnsureInitializedCore[T](T& target, Boolean& initialized, Object& syncLock, Func`1 valueFactory)
   at System.Threading.LazyInitializer.EnsureInitialized[T](T& target, Boolean& initialized, Object& syncLock)
   at SS.Mvc.GiftShopApp.Security.InitializeIdentityAttribute.OnActionExecuting(ActionExecutingContext filterContext) in C:\Users\javivian\Documents\Visual Studio 2015\Projects\SS.Mvc.GiftShopApp\SS.Mvc.GiftShopApp\Security\InitializeIdentityAttribute.cs:line 18
   at System.Web.Mvc.Async.AsyncControllerActionInvoker.AsyncInvocationWithFilters.InvokeActionMethodFilterAsynchronouslyRecursive(Int32 filterIndex)
   at System.Web.Mvc.Async.AsyncControllerActionInvoker.AsyncInvocationWithFilters.InvokeActionMethodFilterAsynchronouslyRecursive(Int32 filterIndex)
   at System.Web.Mvc.Async.AsyncControllerActionInvoker.<>c__DisplayClass33.<BeginInvokeActionMethodWithFilters>b__31(AsyncCallback asyncCallback, Object asyncState)
   at System.Web.Mvc.Async.AsyncResultWrapper.WrappedAsyncResult`1.CallBeginDelegate(AsyncCallback callback, Object callbackState)
   at System.Web.Mvc.Async.AsyncResultWrapper.WrappedAsyncResultBase`1.Begin(AsyncCallback callback, Object state, Int32 timeout)
   at System.Web.Mvc.Async.AsyncControllerActionInvoker.BeginInvokeActionMethodWithFilters(ControllerContext controllerContext, IList`1 filters, ActionDescriptor actionDescriptor, IDictionary`2 parameters, AsyncCallback callback, Object state)
   at System.Web.Mvc.Async.AsyncControllerActionInvoker.<>c__DisplayClass21.<BeginInvokeAction>b__19(AsyncCallback asyncCallback, Object asyncState)
System.InvalidOperationException: The ASP.NET Identity database could not be initialized. ---> System.AggregateException: One or more errors occurred. ---> System.InvalidOperationException: The model backing the 'ModelContext' context has changed since the database was created. Consider using Code First Migrations to update the database (http://go.microsoft.com/fwlink/?LinkId=238269).
   at System.Data.Entity.CreateDatabaseIfNotExists`1.InitializeDatabase(TContext context)
   at System.Data.Entity.Internal.InternalContext.<>c__DisplayClassf`1.<CreateInitializationAction>b__e()
   at System.Data.Entity.Internal.InternalContext.PerformInitializationAction(Action action)
   at System.Data.Entity.Internal.InternalContext.PerformDatabaseInitialization()
   at System.Data.Entity.Internal.LazyInternalContext.<InitializeDatabase>b__4(InternalContext c)
   at System.Data.Entity.Internal.RetryAction`1.PerformAction(TInput input)
   at System.Data.Entity.Internal.LazyInternalContext.InitializeDatabaseAction(Action`1 action)
   at System.Data.Entity.Internal.LazyInternalContext.InitializeDatabase()
   at System.Data.Entity.Internal.InternalContext.Initialize()
   at System.Data.Entity.Internal.InternalContext.GetEntitySetAndBaseTypeForType(Type entityType)
   at System.Data.Entity.Internal.Linq.InternalSet`1.Initialize()
   at System.Data.Entity.Internal.Linq.InternalSet`1.get_InternalContext()
   at System.Data.Entity.Infrastructure.DbQuery`1.System.Linq.IQueryable.get_Provider()
   at System.Linq.Queryable.Where[TSource](IQueryable`1 source, Expression`1 predicate)
   at SS.Data.EntityFramework.EfWorkspaceBase.Query[TEntity](Expression`1 predicate, Expression`1[] includes)
   at SS.Data.EntityFramework.WorkspaceExtensions.Single[TEntity](IWorkspaceBase workspace, Expression`1 predicate, Expression`1[] includes)
   at SS.Mvc.GiftShopApp.Security.RoleStore.FindByNameAsync(String roleName) in C:\Users\javivian\Documents\Visual Studio 2015\Projects\SS.Mvc.GiftShopApp\SS.Mvc.GiftShopApp\Security\RoleStore.cs:line 51
   at Microsoft.AspNet.Identity.RoleManager`2.<FindByNameAsync>d__18.MoveNext()
--- End of stack trace from previous location where exception was thrown ---
   at System.Runtime.CompilerServices.TaskAwaiter.ThrowForNonSuccess(Task task)
   at System.Runtime.CompilerServices.TaskAwaiter.HandleNonSuccessAndDebuggerNotification(Task task)
   at Microsoft.AspNet.Identity.TaskExtensions.CultureAwaiter`1.GetResult()
   at Microsoft.AspNet.Identity.RoleManager`2.<RoleExistsAsync>d__16.MoveNext()
   --- End of inner exception stack trace ---
   at System.Threading.Tasks.Task.ThrowIfExceptional(Boolean includeTaskCanceledExceptions)
   at System.Threading.Tasks.Task`1.GetResultCore(Boolean waitCompletionNotification)
   at System.Threading.Tasks.Task`1.get_Result()
   at SS.Mvc.GiftShopApp.Security.InitializeIdentityAttribute.IdentityInitializer..ctor() in C:\Users\javivian\Documents\Visual Studio 2015\Projects\SS.Mvc.GiftShopApp\SS.Mvc.GiftShopApp\Security\InitializeIdentityAttribute.cs:line 28
   --- End of inner exception stack trace ---
   at SS.Mvc.GiftShopApp.Security.InitializeIdentityAttribute.IdentityInitializer..ctor() in C:\Users\javivian\Documents\Visual Studio 2015\Projects\SS.Mvc.GiftShopApp\SS.Mvc.GiftShopApp\Security\InitializeIdentityAttribute.cs:line 47    at SS.Mvc.GiftShopApp.Security.InitializeIdentityAttribute.IdentityInitializer..ctor() in C:\Users\javivian\Documents\Visual Studio 2015\Projects\SS.Mvc.GiftShopApp\SS.Mvc.GiftShopApp\Security\InitializeIdentityAttribute.cs:line 47
System.AggregateException: One or more errors occurred. ---> System.InvalidOperationException: The model backing the 'ModelContext' context has changed since the database was created. Consider using Code First Migrations to update the database (http://go.microsoft.com/fwlink/?LinkId=238269).
   at System.Data.Entity.CreateDatabaseIfNotExists`1.InitializeDatabase(TContext context)
   at System.Data.Entity.Internal.InternalContext.<>c__DisplayClassf`1.<CreateInitializationAction>b__e()
   at System.Data.Entity.Internal.InternalContext.PerformInitializationAction(Action action)
   at System.Data.Entity.Internal.InternalContext.PerformDatabaseInitialization()
   at System.Data.Entity.Internal.LazyInternalContext.<InitializeDatabase>b__4(InternalContext c)
   at System.Data.Entity.Internal.RetryAction`1.PerformAction(TInput input)
   at System.Data.Entity.Internal.LazyInternalContext.InitializeDatabaseAction(Action`1 action)
   at System.Data.Entity.Internal.LazyInternalContext.InitializeDatabase()
   at System.Data.Entity.Internal.InternalContext.Initialize()
   at System.Data.Entity.Internal.InternalContext.GetEntitySetAndBaseTypeForType(Type entityType)
   at System.Data.Entity.Internal.Linq.InternalSet`1.Initialize()
   at System.Data.Entity.Internal.Linq.InternalSet`1.get_InternalContext()
   at System.Data.Entity.Infrastructure.DbQuery`1.System.Linq.IQueryable.get_Provider()
   at System.Linq.Queryable.Where[TSource](IQueryable`1 source, Expression`1 predicate)
   at SS.Data.EntityFramework.EfWorkspaceBase.Query[TEntity](Expression`1 predicate, Expression`1[] includes)
   at SS.Data.EntityFramework.WorkspaceExtensions.Single[TEntity](IWorkspaceBase workspace, Expression`1 predicate, Expression`1[] includes)
   at SS.Mvc.GiftShopApp.Security.RoleStore.FindByNameAsync(String roleName) in C:\Users\javivian\Documents\Visual Studio 2015\Projects\SS.Mvc.GiftShopApp\SS.Mvc.GiftShopApp\Security\RoleStore.cs:line 51
   at Microsoft.AspNet.Identity.RoleManager`2.<FindByNameAsync>d__18.MoveNext()
--- End of stack trace from previous location where exception was thrown ---
   at System.Runtime.CompilerServices.TaskAwaiter.ThrowForNonSuccess(Task task)
   at System.Runtime.CompilerServices.TaskAwaiter.HandleNonSuccessAndDebuggerNotification(Task task)
   at Microsoft.AspNet.Identity.TaskExtensions.CultureAwaiter`1.GetResult()
   at Microsoft.AspNet.Identity.RoleManager`2.<RoleExistsAsync>d__16.MoveNext()
   --- End of inner exception stack trace ---
   at System.Threading.Tasks.Task.ThrowIfExceptional(Boolean includeTaskCanceledExceptions)
   at System.Threading.Tasks.Task`1.GetResultCore(Boolean waitCompletionNotification)
   at System.Threading.Tasks.Task`1.get_Result()
   at SS.Mvc.GiftShopApp.Security.InitializeIdentityAttribute.IdentityInitializer..ctor() in C:\Users\javivian\Documents\Visual Studio 2015\Projects\SS.Mvc.GiftShopApp\SS.Mvc.GiftShopApp\Security\InitializeIdentityAttribute.cs:line 28
---> (Inner Exception #0) System.InvalidOperationException: The model backing the 'ModelContext' context has changed since the database was created. Consider using Code First Migrations to update the database (http://go.microsoft.com/fwlink/?LinkId=238269).
   at System.Data.Entity.CreateDatabaseIfNotExists`1.InitializeDatabase(TContext context)
   at System.Data.Entity.Internal.InternalContext.<>c__DisplayClassf`1.<CreateInitializationAction>b__e()
   at System.Data.Entity.Internal.InternalContext.PerformInitializationAction(Action action)
   at System.Data.Entity.Internal.InternalContext.PerformDatabaseInitialization()
   at System.Data.Entity.Internal.LazyInternalContext.<InitializeDatabase>b__4(InternalContext c)
   at System.Data.Entity.Internal.RetryAction`1.PerformAction(TInput input)
   at System.Data.Entity.Internal.LazyInternalContext.InitializeDatabaseAction(Action`1 action)
   at System.Data.Entity.Internal.LazyInternalContext.InitializeDatabase()
   at System.Data.Entity.Internal.InternalContext.Initialize()
   at System.Data.Entity.Internal.InternalContext.GetEntitySetAndBaseTypeForType(Type entityType)
   at System.Data.Entity.Internal.Linq.InternalSet`1.Initialize()
   at System.Data.Entity.Internal.Linq.InternalSet`1.get_InternalContext()
   at System.Data.Entity.Infrastructure.DbQuery`1.System.Linq.IQueryable.get_Provider()
   at System.Linq.Queryable.Where[TSource](IQueryable`1 source, Expression`1 predicate)
   at SS.Data.EntityFramework.EfWorkspaceBase.Query[TEntity](Expression`1 predicate, Expression`1[] includes)
   at SS.Data.EntityFramework.WorkspaceExtensions.Single[TEntity](IWorkspaceBase workspace, Expression`1 predicate, Expression`1[] includes)
   at SS.Mvc.GiftShopApp.Security.RoleStore.FindByNameAsync(String roleName) in C:\Users\javivian\Documents\Visual Studio 2015\Projects\SS.Mvc.GiftShopApp\SS.Mvc.GiftShopApp\Security\RoleStore.cs:line 51
   at Microsoft.AspNet.Identity.RoleManager`2.<FindByNameAsync>d__18.MoveNext()
--- End of stack trace from previous location where exception was thrown ---
   at System.Runtime.CompilerServices.TaskAwaiter.ThrowForNonSuccess(Task task)
   at System.Runtime.CompilerServices.TaskAwaiter.HandleNonSuccessAndDebuggerNotification(Task task)
   at Microsoft.AspNet.Identity.TaskExtensions.CultureAwaiter`1.GetResult()
   at Microsoft.AspNet.Identity.RoleManager`2.<RoleExistsAsync>d__16.MoveNext()<---
    at System.Threading.Tasks.Task.ThrowIfExceptional(Boolean includeTaskCanceledExceptions)
   at System.Threading.Tasks.Task`1.GetResultCore(Boolean waitCompletionNotification)
   at System.Threading.Tasks.Task`1.get_Result()
   at SS.Mvc.GiftShopApp.Security.InitializeIdentityAttribute.IdentityInitializer..ctor() in C:\Users\javivian\Documents\Visual Studio 2015\Projects\SS.Mvc.GiftShopApp\SS.Mvc.GiftShopApp\Security\InitializeIdentityAttribute.cs:line 28
System.InvalidOperationException: The model backing the 'ModelContext' context has changed since the database was created. Consider using Code First Migrations to update the database (http://go.microsoft.com/fwlink/?LinkId=238269).
   at System.Data.Entity.CreateDatabaseIfNotExists`1.InitializeDatabase(TContext context)
   at System.Data.Entity.Internal.InternalContext.<>c__DisplayClassf`1.<CreateInitializationAction>b__e()
   at System.Data.Entity.Internal.InternalContext.PerformInitializationAction(Action action)
   at System.Data.Entity.Internal.InternalContext.PerformDatabaseInitialization()
   at System.Data.Entity.Internal.LazyInternalContext.<InitializeDatabase>b__4(InternalContext c)
   at System.Data.Entity.Internal.RetryAction`1.PerformAction(TInput input)
   at System.Data.Entity.Internal.LazyInternalContext.InitializeDatabaseAction(Action`1 action)
   at System.Data.Entity.Internal.LazyInternalContext.InitializeDatabase()
   at System.Data.Entity.Internal.InternalContext.Initialize()
   at System.Data.Entity.Internal.InternalContext.GetEntitySetAndBaseTypeForType(Type entityType)
   at System.Data.Entity.Internal.Linq.InternalSet`1.Initialize()
   at System.Data.Entity.Internal.Linq.InternalSet`1.get_InternalContext()
   at System.Data.Entity.Infrastructure.DbQuery`1.System.Linq.IQueryable.get_Provider()
   at System.Linq.Queryable.Where[TSource](IQueryable`1 source, Expression`1 predicate)
   at SS.Data.EntityFramework.EfWorkspaceBase.Query[TEntity](Expression`1 predicate, Expression`1[] includes)
   at SS.Data.EntityFramework.WorkspaceExtensions.Single[TEntity](IWorkspaceBase workspace, Expression`1 predicate, Expression`1[] includes)
   at SS.Mvc.GiftShopApp.Security.RoleStore.FindByNameAsync(String roleName) in C:\Users\javivian\Documents\Visual Studio 2015\Projects\SS.Mvc.GiftShopApp\SS.Mvc.GiftShopApp\Security\RoleStore.cs:line 51
   at Microsoft.AspNet.Identity.RoleManager`2.<FindByNameAsync>d__18.MoveNext()
--- End of stack trace from previous location where exception was thrown ---
   at System.Runtime.CompilerServices.TaskAwaiter.ThrowForNonSuccess(Task task)
   at System.Runtime.CompilerServices.TaskAwaiter.HandleNonSuccessAndDebuggerNotification(Task task)
   at Microsoft.AspNet.Identity.TaskExtensions.CultureAwaiter`1.GetResult()
   at Microsoft.AspNet.Identity.RoleManager`2.<RoleExistsAsync>d__16.MoveNext()    at System.Data.Entity.CreateDatabaseIfNotExists`1.InitializeDatabase(TContext context)
   at System.Data.Entity.Internal.InternalContext.<>c__DisplayClassf`1.<CreateInitializationAction>b__e()
   at System.Data.Entity.Internal.InternalContext.PerformInitializationAction(Action action)
   at System.Data.Entity.Internal.InternalContext.PerformDatabaseInitialization()
   at System.Data.Entity.Internal.LazyInternalContext.<InitializeDatabase>b__4(InternalContext c)
   at System.Data.Entity.Internal.RetryAction`1.PerformAction(TInput input)
   at System.Data.Entity.Internal.LazyInternalContext.InitializeDatabaseAction(Action`1 action)
   at System.Data.Entity.Internal.LazyInternalContext.InitializeDatabase()
   at System.Data.Entity.Internal.InternalContext.Initialize()
   at System.Data.Entity.Internal.InternalContext.GetEntitySetAndBaseTypeForType(Type entityType)
   at System.Data.Entity.Internal.Linq.InternalSet`1.Initialize()
   at System.Data.Entity.Internal.Linq.InternalSet`1.get_InternalContext()
   at System.Data.Entity.Infrastructure.DbQuery`1.System.Linq.IQueryable.get_Provider()
   at System.Linq.Queryable.Where[TSource](IQueryable`1 source, Expression`1 predicate)
   at SS.Data.EntityFramework.EfWorkspaceBase.Query[TEntity](Expression`1 predicate, Expression`1[] includes)
   at SS.Data.EntityFramework.WorkspaceExtensions.Single[TEntity](IWorkspaceBase workspace, Expression`1 predicate, Expression`1[] includes)
   at SS.Mvc.GiftShopApp.Security.RoleStore.FindByNameAsync(String roleName) in C:\Users\javivian\Documents\Visual Studio 2015\Projects\SS.Mvc.GiftShopApp\SS.Mvc.GiftShopApp\Security\RoleStore.cs:line 51
   at Microsoft.AspNet.Identity.RoleManager`2.<FindByNameAsync>d__18.MoveNext()
--- End of stack trace from previous location where exception was thrown ---
   at System.Runtime.CompilerServices.TaskAwaiter.ThrowForNonSuccess(Task task)
   at System.Runtime.CompilerServices.TaskAwaiter.HandleNonSuccessAndDebuggerNotification(Task task)
   at Microsoft.AspNet.Identity.TaskExtensions.CultureAwaiter`1.GetResult()
   at Microsoft.AspNet.Identity.RoleManager`2.<RoleExistsAsync>d__16.MoveNext()

2018-10-02 18:35:20.9497 - ERROR: Unhandled MVC exception.
EXCEPTION: System.Reflection.TargetInvocationException: Exception has been thrown by the target of an invocation. ---> System.InvalidOperationException: The ASP.NET Identity database could not be initialized. ---> System.AggregateException: One or more errors occurred. ---> System.InvalidOperationException: The model backing the 'ModelContext' context has changed since the database was created. Consider using Code First Migrations to update the database (http://go.microsoft.com/fwlink/?LinkId=238269).
   at System.Data.Entity.CreateDatabaseIfNotExists`1.InitializeDatabase(TContext context)
   at System.Data.Entity.Internal.InternalContext.<>c__DisplayClassf`1.<CreateInitializationAction>b__e()
   at System.Data.Entity.Internal.InternalContext.PerformInitializationAction(Action action)
   at System.Data.Entity.Internal.InternalContext.PerformDatabaseInitialization()
   at System.Data.Entity.Internal.LazyInternalContext.<InitializeDatabase>b__4(InternalContext c)
   at System.Data.Entity.Internal.RetryAction`1.PerformAction(TInput input)
   at System.Data.Entity.Internal.LazyInternalContext.InitializeDatabaseAction(Action`1 action)
   at System.Data.Entity.Internal.LazyInternalContext.InitializeDatabase()
   at System.Data.Entity.Internal.InternalContext.Initialize()
   at System.Data.Entity.Internal.InternalContext.GetEntitySetAndBaseTypeForType(Type entityType)
   at System.Data.Entity.Internal.Linq.InternalSet`1.Initialize()
   at System.Data.Entity.Internal.Linq.InternalSet`1.get_InternalContext()
   at System.Data.Entity.Infrastructure.DbQuery`1.System.Linq.IQueryable.get_Provider()
   at System.Linq.Queryable.Where[TSource](IQueryable`1 source, Expression`1 predicate)
   at SS.Data.EntityFramework.EfWorkspaceBase.Query[TEntity](Expression`1 predicate, Expression`1[] includes)
   at SS.Data.EntityFramework.WorkspaceExtensions.Single[TEntity](IWorkspaceBase workspace, Expression`1 predicate, Expression`1[] includes)
   at SS.Mvc.GiftShopApp.Security.RoleStore.FindByNameAsync(String roleName) in C:\Users\javivian\Documents\Visual Studio 2015\Projects\SS.Mvc.GiftShopApp\SS.Mvc.GiftShopApp\Security\RoleStore.cs:line 51
   at Microsoft.AspNet.Identity.RoleManager`2.<FindByNameAsync>d__18.MoveNext()
--- End of stack trace from previous location where exception was thrown ---
   at System.Runtime.CompilerServices.TaskAwaiter.ThrowForNonSuccess(Task task)
   at System.Runtime.CompilerServices.TaskAwaiter.HandleNonSuccessAndDebuggerNotification(Task task)
   at Microsoft.AspNet.Identity.TaskExtensions.CultureAwaiter`1.GetResult()
   at Microsoft.AspNet.Identity.RoleManager`2.<RoleExistsAsync>d__16.MoveNext()
   --- End of inner exception stack trace ---
   at System.Threading.Tasks.Task.ThrowIfExceptional(Boolean includeTaskCanceledExceptions)
   at System.Threading.Tasks.Task`1.GetResultCore(Boolean waitCompletionNotification)
   at System.Threading.Tasks.Task`1.get_Result()
   at SS.Mvc.GiftShopApp.Security.InitializeIdentityAttribute.IdentityInitializer..ctor() in C:\Users\javivian\Documents\Visual Studio 2015\Projects\SS.Mvc.GiftShopApp\SS.Mvc.GiftShopApp\Security\InitializeIdentityAttribute.cs:line 28
   --- End of inner exception stack trace ---
   at SS.Mvc.GiftShopApp.Security.InitializeIdentityAttribute.IdentityInitializer..ctor() in C:\Users\javivian\Documents\Visual Studio 2015\Projects\SS.Mvc.GiftShopApp\SS.Mvc.GiftShopApp\Security\InitializeIdentityAttribute.cs:line 47
   --- End of inner exception stack trace ---
   at System.RuntimeTypeHandle.CreateInstance(RuntimeType type, Boolean publicOnly, Boolean noCheck, Boolean& canBeCached, RuntimeMethodHandleInternal& ctor, Boolean& bNeedSecurityCheck)
   at System.RuntimeType.CreateInstanceSlow(Boolean publicOnly, Boolean skipCheckThis, Boolean fillCache, StackCrawlMark& stackMark)
   at System.RuntimeType.CreateInstanceDefaultCtor(Boolean publicOnly, Boolean skipCheckThis, Boolean fillCache, StackCrawlMark& stackMark)
   at System.Activator.CreateInstance(Type type, Boolean nonPublic)
   at System.Activator.CreateInstance(Type type)
   at System.Threading.LazyHelpers`1.ActivatorFactorySelector()
   at System.Threading.LazyInitializer.EnsureInitializedCore[T](T& target, Boolean& initialized, Object& syncLock, Func`1 valueFactory)
   at System.Threading.LazyInitializer.EnsureInitialized[T](T& target, Boolean& initialized, Object& syncLock)
   at SS.Mvc.GiftShopApp.Security.InitializeIdentityAttribute.OnActionExecuting(ActionExecutingContext filterContext) in C:\Users\javivian\Documents\Visual Studio 2015\Projects\SS.Mvc.GiftShopApp\SS.Mvc.GiftShopApp\Security\InitializeIdentityAttribute.cs:line 18
   at System.Web.Mvc.Async.AsyncControllerActionInvoker.AsyncInvocationWithFilters.InvokeActionMethodFilterAsynchronouslyRecursive(Int32 filterIndex)
   at System.Web.Mvc.Async.AsyncControllerActionInvoker.AsyncInvocationWithFilters.InvokeActionMethodFilterAsynchronouslyRecursive(Int32 filterIndex)
   at System.Web.Mvc.Async.AsyncControllerActionInvoker.<>c__DisplayClass33.<BeginInvokeActionMethodWithFilters>b__31(AsyncCallback asyncCallback, Object asyncState)
   at System.Web.Mvc.Async.AsyncResultWrapper.WrappedAsyncResult`1.CallBeginDelegate(AsyncCallback callback, Object callbackState)
   at System.Web.Mvc.Async.AsyncResultWrapper.WrappedAsyncResultBase`1.Begin(AsyncCallback callback, Object state, Int32 timeout)
   at System.Web.Mvc.Async.AsyncControllerActionInvoker.BeginInvokeActionMethodWithFilters(ControllerContext controllerContext, IList`1 filters, ActionDescriptor actionDescriptor, IDictionary`2 parameters, AsyncCallback callback, Object state)
   at System.Web.Mvc.Async.AsyncControllerActionInvoker.<>c__DisplayClass21.<BeginInvokeAction>b__19(AsyncCallback asyncCallback, Object asyncState)    at System.RuntimeTypeHandle.CreateInstance(RuntimeType type, Boolean publicOnly, Boolean noCheck, Boolean& canBeCached, RuntimeMethodHandleInternal& ctor, Boolean& bNeedSecurityCheck)
   at System.RuntimeType.CreateInstanceSlow(Boolean publicOnly, Boolean skipCheckThis, Boolean fillCache, StackCrawlMark& stackMark)
   at System.RuntimeType.CreateInstanceDefaultCtor(Boolean publicOnly, Boolean skipCheckThis, Boolean fillCache, StackCrawlMark& stackMark)
   at System.Activator.CreateInstance(Type type, Boolean nonPublic)
   at System.Activator.CreateInstance(Type type)
   at System.Threading.LazyHelpers`1.ActivatorFactorySelector()
   at System.Threading.LazyInitializer.EnsureInitializedCore[T](T& target, Boolean& initialized, Object& syncLock, Func`1 valueFactory)
   at System.Threading.LazyInitializer.EnsureInitialized[T](T& target, Boolean& initialized, Object& syncLock)
   at SS.Mvc.GiftShopApp.Security.InitializeIdentityAttribute.OnActionExecuting(ActionExecutingContext filterContext) in C:\Users\javivian\Documents\Visual Studio 2015\Projects\SS.Mvc.GiftShopApp\SS.Mvc.GiftShopApp\Security\InitializeIdentityAttribute.cs:line 18
   at System.Web.Mvc.Async.AsyncControllerActionInvoker.AsyncInvocationWithFilters.InvokeActionMethodFilterAsynchronouslyRecursive(Int32 filterIndex)
   at System.Web.Mvc.Async.AsyncControllerActionInvoker.AsyncInvocationWithFilters.InvokeActionMethodFilterAsynchronouslyRecursive(Int32 filterIndex)
   at System.Web.Mvc.Async.AsyncControllerActionInvoker.<>c__DisplayClass33.<BeginInvokeActionMethodWithFilters>b__31(AsyncCallback asyncCallback, Object asyncState)
   at System.Web.Mvc.Async.AsyncResultWrapper.WrappedAsyncResult`1.CallBeginDelegate(AsyncCallback callback, Object callbackState)
   at System.Web.Mvc.Async.AsyncResultWrapper.WrappedAsyncResultBase`1.Begin(AsyncCallback callback, Object state, Int32 timeout)
   at System.Web.Mvc.Async.AsyncControllerActionInvoker.BeginInvokeActionMethodWithFilters(ControllerContext controllerContext, IList`1 filters, ActionDescriptor actionDescriptor, IDictionary`2 parameters, AsyncCallback callback, Object state)
   at System.Web.Mvc.Async.AsyncControllerActionInvoker.<>c__DisplayClass21.<BeginInvokeAction>b__19(AsyncCallback asyncCallback, Object asyncState)
System.InvalidOperationException: The ASP.NET Identity database could not be initialized. ---> System.AggregateException: One or more errors occurred. ---> System.InvalidOperationException: The model backing the 'ModelContext' context has changed since the database was created. Consider using Code First Migrations to update the database (http://go.microsoft.com/fwlink/?LinkId=238269).
   at System.Data.Entity.CreateDatabaseIfNotExists`1.InitializeDatabase(TContext context)
   at System.Data.Entity.Internal.InternalContext.<>c__DisplayClassf`1.<CreateInitializationAction>b__e()
   at System.Data.Entity.Internal.InternalContext.PerformInitializationAction(Action action)
   at System.Data.Entity.Internal.InternalContext.PerformDatabaseInitialization()
   at System.Data.Entity.Internal.LazyInternalContext.<InitializeDatabase>b__4(InternalContext c)
   at System.Data.Entity.Internal.RetryAction`1.PerformAction(TInput input)
   at System.Data.Entity.Internal.LazyInternalContext.InitializeDatabaseAction(Action`1 action)
   at System.Data.Entity.Internal.LazyInternalContext.InitializeDatabase()
   at System.Data.Entity.Internal.InternalContext.Initialize()
   at System.Data.Entity.Internal.InternalContext.GetEntitySetAndBaseTypeForType(Type entityType)
   at System.Data.Entity.Internal.Linq.InternalSet`1.Initialize()
   at System.Data.Entity.Internal.Linq.InternalSet`1.get_InternalContext()
   at System.Data.Entity.Infrastructure.DbQuery`1.System.Linq.IQueryable.get_Provider()
   at System.Linq.Queryable.Where[TSource](IQueryable`1 source, Expression`1 predicate)
   at SS.Data.EntityFramework.EfWorkspaceBase.Query[TEntity](Expression`1 predicate, Expression`1[] includes)
   at SS.Data.EntityFramework.WorkspaceExtensions.Single[TEntity](IWorkspaceBase workspace, Expression`1 predicate, Expression`1[] includes)
   at SS.Mvc.GiftShopApp.Security.RoleStore.FindByNameAsync(String roleName) in C:\Users\javivian\Documents\Visual Studio 2015\Projects\SS.Mvc.GiftShopApp\SS.Mvc.GiftShopApp\Security\RoleStore.cs:line 51
   at Microsoft.AspNet.Identity.RoleManager`2.<FindByNameAsync>d__18.MoveNext()
--- End of stack trace from previous location where exception was thrown ---
   at System.Runtime.CompilerServices.TaskAwaiter.ThrowForNonSuccess(Task task)
   at System.Runtime.CompilerServices.TaskAwaiter.HandleNonSuccessAndDebuggerNotification(Task task)
   at Microsoft.AspNet.Identity.TaskExtensions.CultureAwaiter`1.GetResult()
   at Microsoft.AspNet.Identity.RoleManager`2.<RoleExistsAsync>d__16.MoveNext()
   --- End of inner exception stack trace ---
   at System.Threading.Tasks.Task.ThrowIfExceptional(Boolean includeTaskCanceledExceptions)
   at System.Threading.Tasks.Task`1.GetResultCore(Boolean waitCompletionNotification)
   at System.Threading.Tasks.Task`1.get_Result()
   at SS.Mvc.GiftShopApp.Security.InitializeIdentityAttribute.IdentityInitializer..ctor() in C:\Users\javivian\Documents\Visual Studio 2015\Projects\SS.Mvc.GiftShopApp\SS.Mvc.GiftShopApp\Security\InitializeIdentityAttribute.cs:line 28
   --- End of inner exception stack trace ---
   at SS.Mvc.GiftShopApp.Security.InitializeIdentityAttribute.IdentityInitializer..ctor() in C:\Users\javivian\Documents\Visual Studio 2015\Projects\SS.Mvc.GiftShopApp\SS.Mvc.GiftShopApp\Security\InitializeIdentityAttribute.cs:line 47    at SS.Mvc.GiftShopApp.Security.InitializeIdentityAttribute.IdentityInitializer..ctor() in C:\Users\javivian\Documents\Visual Studio 2015\Projects\SS.Mvc.GiftShopApp\SS.Mvc.GiftShopApp\Security\InitializeIdentityAttribute.cs:line 47
System.AggregateException: One or more errors occurred. ---> System.InvalidOperationException: The model backing the 'ModelContext' context has changed since the database was created. Consider using Code First Migrations to update the database (http://go.microsoft.com/fwlink/?LinkId=238269).
   at System.Data.Entity.CreateDatabaseIfNotExists`1.InitializeDatabase(TContext context)
   at System.Data.Entity.Internal.InternalContext.<>c__DisplayClassf`1.<CreateInitializationAction>b__e()
   at System.Data.Entity.Internal.InternalContext.PerformInitializationAction(Action action)
   at System.Data.Entity.Internal.InternalContext.PerformDatabaseInitialization()
   at System.Data.Entity.Internal.LazyInternalContext.<InitializeDatabase>b__4(InternalContext c)
   at System.Data.Entity.Internal.RetryAction`1.PerformAction(TInput input)
   at System.Data.Entity.Internal.LazyInternalContext.InitializeDatabaseAction(Action`1 action)
   at System.Data.Entity.Internal.LazyInternalContext.InitializeDatabase()
   at System.Data.Entity.Internal.InternalContext.Initialize()
   at System.Data.Entity.Internal.InternalContext.GetEntitySetAndBaseTypeForType(Type entityType)
   at System.Data.Entity.Internal.Linq.InternalSet`1.Initialize()
   at System.Data.Entity.Internal.Linq.InternalSet`1.get_InternalContext()
   at System.Data.Entity.Infrastructure.DbQuery`1.System.Linq.IQueryable.get_Provider()
   at System.Linq.Queryable.Where[TSource](IQueryable`1 source, Expression`1 predicate)
   at SS.Data.EntityFramework.EfWorkspaceBase.Query[TEntity](Expression`1 predicate, Expression`1[] includes)
   at SS.Data.EntityFramework.WorkspaceExtensions.Single[TEntity](IWorkspaceBase workspace, Expression`1 predicate, Expression`1[] includes)
   at SS.Mvc.GiftShopApp.Security.RoleStore.FindByNameAsync(String roleName) in C:\Users\javivian\Documents\Visual Studio 2015\Projects\SS.Mvc.GiftShopApp\SS.Mvc.GiftShopApp\Security\RoleStore.cs:line 51
   at Microsoft.AspNet.Identity.RoleManager`2.<FindByNameAsync>d__18.MoveNext()
--- End of stack trace from previous location where exception was thrown ---
   at System.Runtime.CompilerServices.TaskAwaiter.ThrowForNonSuccess(Task task)
   at System.Runtime.CompilerServices.TaskAwaiter.HandleNonSuccessAndDebuggerNotification(Task task)
   at Microsoft.AspNet.Identity.TaskExtensions.CultureAwaiter`1.GetResult()
   at Microsoft.AspNet.Identity.RoleManager`2.<RoleExistsAsync>d__16.MoveNext()
   --- End of inner exception stack trace ---
   at System.Threading.Tasks.Task.ThrowIfExceptional(Boolean includeTaskCanceledExceptions)
   at System.Threading.Tasks.Task`1.GetResultCore(Boolean waitCompletionNotification)
   at System.Threading.Tasks.Task`1.get_Result()
   at SS.Mvc.GiftShopApp.Security.InitializeIdentityAttribute.IdentityInitializer..ctor() in C:\Users\javivian\Documents\Visual Studio 2015\Projects\SS.Mvc.GiftShopApp\SS.Mvc.GiftShopApp\Security\InitializeIdentityAttribute.cs:line 28
---> (Inner Exception #0) System.InvalidOperationException: The model backing the 'ModelContext' context has changed since the database was created. Consider using Code First Migrations to update the database (http://go.microsoft.com/fwlink/?LinkId=238269).
   at System.Data.Entity.CreateDatabaseIfNotExists`1.InitializeDatabase(TContext context)
   at System.Data.Entity.Internal.InternalContext.<>c__DisplayClassf`1.<CreateInitializationAction>b__e()
   at System.Data.Entity.Internal.InternalContext.PerformInitializationAction(Action action)
   at System.Data.Entity.Internal.InternalContext.PerformDatabaseInitialization()
   at System.Data.Entity.Internal.LazyInternalContext.<InitializeDatabase>b__4(InternalContext c)
   at System.Data.Entity.Internal.RetryAction`1.PerformAction(TInput input)
   at System.Data.Entity.Internal.LazyInternalContext.InitializeDatabaseAction(Action`1 action)
   at System.Data.Entity.Internal.LazyInternalContext.InitializeDatabase()
   at System.Data.Entity.Internal.InternalContext.Initialize()
   at System.Data.Entity.Internal.InternalContext.GetEntitySetAndBaseTypeForType(Type entityType)
   at System.Data.Entity.Internal.Linq.InternalSet`1.Initialize()
   at System.Data.Entity.Internal.Linq.InternalSet`1.get_InternalContext()
   at System.Data.Entity.Infrastructure.DbQuery`1.System.Linq.IQueryable.get_Provider()
   at System.Linq.Queryable.Where[TSource](IQueryable`1 source, Expression`1 predicate)
   at SS.Data.EntityFramework.EfWorkspaceBase.Query[TEntity](Expression`1 predicate, Expression`1[] includes)
   at SS.Data.EntityFramework.WorkspaceExtensions.Single[TEntity](IWorkspaceBase workspace, Expression`1 predicate, Expression`1[] includes)
   at SS.Mvc.GiftShopApp.Security.RoleStore.FindByNameAsync(String roleName) in C:\Users\javivian\Documents\Visual Studio 2015\Projects\SS.Mvc.GiftShopApp\SS.Mvc.GiftShopApp\Security\RoleStore.cs:line 51
   at Microsoft.AspNet.Identity.RoleManager`2.<FindByNameAsync>d__18.MoveNext()
--- End of stack trace from previous location where exception was thrown ---
   at System.Runtime.CompilerServices.TaskAwaiter.ThrowForNonSuccess(Task task)
   at System.Runtime.CompilerServices.TaskAwaiter.HandleNonSuccessAndDebuggerNotification(Task task)
   at Microsoft.AspNet.Identity.TaskExtensions.CultureAwaiter`1.GetResult()
   at Microsoft.AspNet.Identity.RoleManager`2.<RoleExistsAsync>d__16.MoveNext()<---
    at System.Threading.Tasks.Task.ThrowIfExceptional(Boolean includeTaskCanceledExceptions)
   at System.Threading.Tasks.Task`1.GetResultCore(Boolean waitCompletionNotification)
   at System.Threading.Tasks.Task`1.get_Result()
   at SS.Mvc.GiftShopApp.Security.InitializeIdentityAttribute.IdentityInitializer..ctor() in C:\Users\javivian\Documents\Visual Studio 2015\Projects\SS.Mvc.GiftShopApp\SS.Mvc.GiftShopApp\Security\InitializeIdentityAttribute.cs:line 28
System.InvalidOperationException: The model backing the 'ModelContext' context has changed since the database was created. Consider using Code First Migrations to update the database (http://go.microsoft.com/fwlink/?LinkId=238269).
   at System.Data.Entity.CreateDatabaseIfNotExists`1.InitializeDatabase(TContext context)
   at System.Data.Entity.Internal.InternalContext.<>c__DisplayClassf`1.<CreateInitializationAction>b__e()
   at System.Data.Entity.Internal.InternalContext.PerformInitializationAction(Action action)
   at System.Data.Entity.Internal.InternalContext.PerformDatabaseInitialization()
   at System.Data.Entity.Internal.LazyInternalContext.<InitializeDatabase>b__4(InternalContext c)
   at System.Data.Entity.Internal.RetryAction`1.PerformAction(TInput input)
   at System.Data.Entity.Internal.LazyInternalContext.InitializeDatabaseAction(Action`1 action)
   at System.Data.Entity.Internal.LazyInternalContext.InitializeDatabase()
   at System.Data.Entity.Internal.InternalContext.Initialize()
   at System.Data.Entity.Internal.InternalContext.GetEntitySetAndBaseTypeForType(Type entityType)
   at System.Data.Entity.Internal.Linq.InternalSet`1.Initialize()
   at System.Data.Entity.Internal.Linq.InternalSet`1.get_InternalContext()
   at System.Data.Entity.Infrastructure.DbQuery`1.System.Linq.IQueryable.get_Provider()
   at System.Linq.Queryable.Where[TSource](IQueryable`1 source, Expression`1 predicate)
   at SS.Data.EntityFramework.EfWorkspaceBase.Query[TEntity](Expression`1 predicate, Expression`1[] includes)
   at SS.Data.EntityFramework.WorkspaceExtensions.Single[TEntity](IWorkspaceBase workspace, Expression`1 predicate, Expression`1[] includes)
   at SS.Mvc.GiftShopApp.Security.RoleStore.FindByNameAsync(String roleName) in C:\Users\javivian\Documents\Visual Studio 2015\Projects\SS.Mvc.GiftShopApp\SS.Mvc.GiftShopApp\Security\RoleStore.cs:line 51
   at Microsoft.AspNet.Identity.RoleManager`2.<FindByNameAsync>d__18.MoveNext()
--- End of stack trace from previous location where exception was thrown ---
   at System.Runtime.CompilerServices.TaskAwaiter.ThrowForNonSuccess(Task task)
   at System.Runtime.CompilerServices.TaskAwaiter.HandleNonSuccessAndDebuggerNotification(Task task)
   at Microsoft.AspNet.Identity.TaskExtensions.CultureAwaiter`1.GetResult()
   at Microsoft.AspNet.Identity.RoleManager`2.<RoleExistsAsync>d__16.MoveNext()    at System.Data.Entity.CreateDatabaseIfNotExists`1.InitializeDatabase(TContext context)
   at System.Data.Entity.Internal.InternalContext.<>c__DisplayClassf`1.<CreateInitializationAction>b__e()
   at System.Data.Entity.Internal.InternalContext.PerformInitializationAction(Action action)
   at System.Data.Entity.Internal.InternalContext.PerformDatabaseInitialization()
   at System.Data.Entity.Internal.LazyInternalContext.<InitializeDatabase>b__4(InternalContext c)
   at System.Data.Entity.Internal.RetryAction`1.PerformAction(TInput input)
   at System.Data.Entity.Internal.LazyInternalContext.InitializeDatabaseAction(Action`1 action)
   at System.Data.Entity.Internal.LazyInternalContext.InitializeDatabase()
   at System.Data.Entity.Internal.InternalContext.Initialize()
   at System.Data.Entity.Internal.InternalContext.GetEntitySetAndBaseTypeForType(Type entityType)
   at System.Data.Entity.Internal.Linq.InternalSet`1.Initialize()
   at System.Data.Entity.Internal.Linq.InternalSet`1.get_InternalContext()
   at System.Data.Entity.Infrastructure.DbQuery`1.System.Linq.IQueryable.get_Provider()
   at System.Linq.Queryable.Where[TSource](IQueryable`1 source, Expression`1 predicate)
   at SS.Data.EntityFramework.EfWorkspaceBase.Query[TEntity](Expression`1 predicate, Expression`1[] includes)
   at SS.Data.EntityFramework.WorkspaceExtensions.Single[TEntity](IWorkspaceBase workspace, Expression`1 predicate, Expression`1[] includes)
   at SS.Mvc.GiftShopApp.Security.RoleStore.FindByNameAsync(String roleName) in C:\Users\javivian\Documents\Visual Studio 2015\Projects\SS.Mvc.GiftShopApp\SS.Mvc.GiftShopApp\Security\RoleStore.cs:line 51
   at Microsoft.AspNet.Identity.RoleManager`2.<FindByNameAsync>d__18.MoveNext()
--- End of stack trace from previous location where exception was thrown ---
   at System.Runtime.CompilerServices.TaskAwaiter.ThrowForNonSuccess(Task task)
   at System.Runtime.CompilerServices.TaskAwaiter.HandleNonSuccessAndDebuggerNotification(Task task)
   at Microsoft.AspNet.Identity.TaskExtensions.CultureAwaiter`1.GetResult()
   at Microsoft.AspNet.Identity.RoleManager`2.<RoleExistsAsync>d__16.MoveNext()

